2026-07-14 17:58:31,919 INFO sqlalchemy.engine.Engine - select pg_catalog.version()
2026-07-14 17:58:31,919 INFO sqlalchemy.engine.Engine - [raw sql] {}
2026-07-14 17:58:31,921 INFO sqlalchemy.engine.Engine - select current_schema()
2026-07-14 17:58:31,921 INFO sqlalchemy.engine.Engine - [raw sql] {}
2026-07-14 17:58:31,922 INFO sqlalchemy.engine.Engine - show standard_conforming_strings
2026-07-14 17:58:31,922 INFO sqlalchemy.engine.Engine - [raw sql] {}
2026-07-14 17:58:31,923 INFO sqlalchemy.engine.Engine - BEGIN (implicit)
2026-07-14 17:58:31,925 INFO sqlalchemy.engine.Engine - SELECT pg_catalog.pg_class.relname 
FROM pg_catalog.pg_class JOIN pg_catalog.pg_namespace ON pg_catalog.pg_namespace.oid = pg_catalog.pg_class.relnamespace 
WHERE pg_catalog.pg_class.relname = %(table_name)s AND pg_catalog.pg_class.relkind = ANY (ARRAY[%(param_1)s, %(param_2)s, %(param_3)s, %(param_4)s, %(param_5)s]) AND pg_catalog.pg_table_is_visible(pg_catalog.pg_class.oid) AND pg_catalog.pg_namespace.nspname != %(nspname_1)s
2026-07-14 17:58:31,926 INFO sqlalchemy.engine.Engine - [generated in 0.00037s] {'table_name': 'users', 'param_1': 'r', 'param_2': 'p', 'param_3': 'f', 'param_4': 'v', 'param_5': 'm', 'nspname_1': 'pg_catalog'}
2026-07-14 17:58:31,931 INFO sqlalchemy.engine.Engine - SELECT pg_catalog.pg_class.relname 
FROM pg_catalog.pg_class JOIN pg_catalog.pg_namespace ON pg_catalog.pg_namespace.oid = pg_catalog.pg_class.relnamespace 
WHERE pg_catalog.pg_class.relname = %(table_name)s AND pg_catalog.pg_class.relkind = ANY (ARRAY[%(param_1)s, %(param_2)s, %(param_3)s, %(param_4)s, %(param_5)s]) AND pg_catalog.pg_table_is_visible(pg_catalog.pg_class.oid) AND pg_catalog.pg_namespace.nspname != %(nspname_1)s
2026-07-14 17:58:31,931 INFO sqlalchemy.engine.Engine - [cached since 0.005778s ago] {'table_name': 'chat_history', 'param_1': 'r', 'param_2': 'p', 'param_3': 'f', 'param_4': 'v', 'param_5': 'm', 'nspname_1': 'pg_catalog'}
2026-07-14 17:58:31,932 INFO sqlalchemy.engine.Engine - SELECT pg_catalog.pg_class.relname 
FROM pg_catalog.pg_class JOIN pg_catalog.pg_namespace ON pg_catalog.pg_namespace.oid = pg_catalog.pg_class.relnamespace 
WHERE pg_catalog.pg_class.relname = %(table_name)s AND pg_catalog.pg_class.relkind = ANY (ARRAY[%(param_1)s, %(param_2)s, %(param_3)s, %(param_4)s, %(param_5)s]) AND pg_catalog.pg_table_is_visible(pg_catalog.pg_class.oid) AND pg_catalog.pg_namespace.nspname != %(nspname_1)s
2026-07-14 17:58:31,932 INFO sqlalchemy.engine.Engine - [cached since 0.006962s ago] {'table_name': 'prompt_templates', 'param_1': 'r', 'param_2': 'p', 'param_3': 'f', 'param_4': 'v', 'param_5': 'm', 'nspname_1': 'pg_catalog'}
2026-07-14 17:58:31,933 INFO sqlalchemy.engine.Engine - SELECT pg_catalog.pg_class.relname 
FROM pg_catalog.pg_class JOIN pg_catalog.pg_namespace ON pg_catalog.pg_namespace.oid = pg_catalog.pg_class.relnamespace 
WHERE pg_catalog.pg_class.relname = %(table_name)s AND pg_catalog.pg_class.relkind = ANY (ARRAY[%(param_1)s, %(param_2)s, %(param_3)s, %(param_4)s, %(param_5)s]) AND pg_catalog.pg_table_is_visible(pg_catalog.pg_class.oid) AND pg_catalog.pg_namespace.nspname != %(nspname_1)s
2026-07-14 17:58:31,933 INFO sqlalchemy.engine.Engine - [cached since 0.00787s ago] {'table_name': 'conversations', 'param_1': 'r', 'param_2': 'p', 'param_3': 'f', 'param_4': 'v', 'param_5': 'm', 'nspname_1': 'pg_catalog'}
2026-07-14 17:58:31,934 INFO sqlalchemy.engine.Engine - SELECT pg_catalog.pg_class.relname 
FROM pg_catalog.pg_class JOIN pg_catalog.pg_namespace ON pg_catalog.pg_namespace.oid = pg_catalog.pg_class.relnamespace 
WHERE pg_catalog.pg_class.relname = %(table_name)s AND pg_catalog.pg_class.relkind = ANY (ARRAY[%(param_1)s, %(param_2)s, %(param_3)s, %(param_4)s, %(param_5)s]) AND pg_catalog.pg_table_is_visible(pg_catalog.pg_class.oid) AND pg_catalog.pg_namespace.nspname != %(nspname_1)s
2026-07-14 17:58:31,934 INFO sqlalchemy.engine.Engine - [cached since 0.008978s ago] {'table_name': 'conversation_messages', 'param_1': 'r', 'param_2': 'p', 'param_3': 'f', 'param_4': 'v', 'param_5': 'm', 'nspname_1': 'pg_catalog'}
2026-07-14 17:58:31,935 INFO sqlalchemy.engine.Engine - SELECT pg_catalog.pg_class.relname 
FROM pg_catalog.pg_class JOIN pg_catalog.pg_namespace ON pg_catalog.pg_namespace.oid = pg_catalog.pg_class.relnamespace 
WHERE pg_catalog.pg_class.relname = %(table_name)s AND pg_catalog.pg_class.relkind = ANY (ARRAY[%(param_1)s, %(param_2)s, %(param_3)s, %(param_4)s, %(param_5)s]) AND pg_catalog.pg_table_is_visible(pg_catalog.pg_class.oid) AND pg_catalog.pg_namespace.nspname != %(nspname_1)s
2026-07-14 17:58:31,936 INFO sqlalchemy.engine.Engine - [cached since 0.01016s ago] {'table_name': 'models', 'param_1': 'r', 'param_2': 'p', 'param_3': 'f', 'param_4': 'v', 'param_5': 'm', 'nspname_1': 'pg_catalog'}
2026-07-14 17:58:31,937 INFO sqlalchemy.engine.Engine - COMMIT
2026-07-14 17:58:41,675 INFO app.middleware.logging - [04181f24] GET /docs
2026-07-14 17:58:41,676 INFO app.middleware.logging - [04181f24] Completed in 0.001s
2026-07-14 17:58:41,857 INFO app.middleware.logging - [2b31b741] GET /openapi.json
2026-07-14 17:58:41,907 INFO app.middleware.logging - [2b31b741] Completed in 0.050s
2026-07-14 17:58:58,620 INFO app.middleware.logging - [ab511780] GET /prompt-templates/default
2026-07-14 17:58:58,622 INFO app.middleware.logging - [ab511780] Completed in 0.003s
