2026-07-09 15:29:51,007 ERROR app.exceptions.handlers - Unhandled Exception
Traceback (most recent call last):
  File "/home/mo_ba/projects/ai_platform/.venv/lib/python3.14/site-packages/starlette/middleware/errors.py", line 164, in __call__
    await self.app(scope, receive, _send)
  File "/home/mo_ba/projects/ai_platform/.venv/lib/python3.14/site-packages/starlette/middleware/base.py", line 193, in __call__
    response = await self.dispatch_func(request, call_next)
               ^^^^^^^^^^^^^^^^^^^^^^^^^^^^^^^^^^^^^^^^^^^^
  File "/home/mo_ba/projects/ai_platform/api/app/middleware/logging.py", line 22, in logging_middleware
    response = await call_next(request)
               ^^^^^^^^^^^^^^^^^^^^^^^^
  File "/home/mo_ba/projects/ai_platform/.venv/lib/python3.14/site-packages/starlette/middleware/base.py", line 168, in call_next
    raise app_exc from app_exc.__cause__ or app_exc.__context__
  File "/home/mo_ba/projects/ai_platform/.venv/lib/python3.14/site-packages/starlette/middleware/base.py", line 144, in coro
    await self.app(scope, receive_or_disconnect, send_no_error)
  File "/home/mo_ba/projects/ai_platform/.venv/lib/python3.14/site-packages/starlette/middleware/cors.py", line 96, in __call__
    await self.simple_response(scope, receive, send, request_headers=headers)
  File "/home/mo_ba/projects/ai_platform/.venv/lib/python3.14/site-packages/starlette/middleware/cors.py", line 154, in simple_response
    await self.app(scope, receive, send)
  File "/home/mo_ba/projects/ai_platform/.venv/lib/python3.14/site-packages/starlette/middleware/exceptions.py", line 63, in __call__
    await wrap_app_handling_exceptions(self.app, conn)(scope, receive, send)
  File "/home/mo_ba/projects/ai_platform/.venv/lib/python3.14/site-packages/starlette/_exception_handler.py", line 53, in wrapped_app
    raise exc
  File "/home/mo_ba/projects/ai_platform/.venv/lib/python3.14/site-packages/starlette/_exception_handler.py", line 42, in wrapped_app
    await app(scope, receive, sender)
  File "/home/mo_ba/projects/ai_platform/.venv/lib/python3.14/site-packages/fastapi/middleware/asyncexitstack.py", line 18, in __call__
    await self.app(scope, receive, send)
  File "/home/mo_ba/projects/ai_platform/.venv/lib/python3.14/site-packages/starlette/routing.py", line 660, in __call__
    await self.middleware_stack(scope, receive, send)
  File "/home/mo_ba/projects/ai_platform/.venv/lib/python3.14/site-packages/fastapi/routing.py", line 2543, in app
    await route.handle(scope, receive, send)
  File "/home/mo_ba/projects/ai_platform/.venv/lib/python3.14/site-packages/fastapi/routing.py", line 1700, in handle
    await self.original_router.handle(scope, receive, send)
  File "/home/mo_ba/projects/ai_platform/.venv/lib/python3.14/site-packages/fastapi/routing.py", line 2598, in handle
    await included_router._handle_selected(scope, receive, send)
  File "/home/mo_ba/projects/ai_platform/.venv/lib/python3.14/site-packages/fastapi/routing.py", line 1720, in _handle_selected
    await original_route.handle(scope, receive, send)
  File "/home/mo_ba/projects/ai_platform/.venv/lib/python3.14/site-packages/fastapi/routing.py", line 1239, in handle
    await app(scope, receive, send)
  File "/home/mo_ba/projects/ai_platform/.venv/lib/python3.14/site-packages/fastapi/routing.py", line 150, in app
    await wrap_app_handling_exceptions(app, request)(scope, receive, send)
  File "/home/mo_ba/projects/ai_platform/.venv/lib/python3.14/site-packages/starlette/_exception_handler.py", line 53, in wrapped_app
    raise exc
  File "/home/mo_ba/projects/ai_platform/.venv/lib/python3.14/site-packages/starlette/_exception_handler.py", line 42, in wrapped_app
    await app(scope, receive, sender)
  File "/home/mo_ba/projects/ai_platform/.venv/lib/python3.14/site-packages/fastapi/routing.py", line 136, in app
    response = await f(request)
               ^^^^^^^^^^^^^^^^
  File "/home/mo_ba/projects/ai_platform/.venv/lib/python3.14/site-packages/fastapi/routing.py", line 690, in app
    raw_response = await run_endpoint_function(
                   ^^^^^^^^^^^^^^^^^^^^^^^^^^^^
    ...<3 lines>...
    )
    ^
  File "/home/mo_ba/projects/ai_platform/.venv/lib/python3.14/site-packages/fastapi/routing.py", line 346, in run_endpoint_function
    return await run_in_threadpool(dependant.call, **values)
           ^^^^^^^^^^^^^^^^^^^^^^^^^^^^^^^^^^^^^^^^^^^^^^^^^
  File "/home/mo_ba/projects/ai_platform/.venv/lib/python3.14/site-packages/starlette/concurrency.py", line 34, in run_in_threadpool
    return await anyio.to_thread.run_sync(func)
           ^^^^^^^^^^^^^^^^^^^^^^^^^^^^^^^^^^^^
  File "/home/mo_ba/projects/ai_platform/.venv/lib/python3.14/site-packages/anyio/to_thread.py", line 63, in run_sync
    return await get_async_backend().run_sync_in_worker_thread(
           ^^^^^^^^^^^^^^^^^^^^^^^^^^^^^^^^^^^^^^^^^^^^^^^^^^^^
        func, args, abandon_on_cancel=abandon_on_cancel, limiter=limiter
        ^^^^^^^^^^^^^^^^^^^^^^^^^^^^^^^^^^^^^^^^^^^^^^^^^^^^^^^^^^^^^^^^
    )
    ^
  File "/home/mo_ba/projects/ai_platform/.venv/lib/python3.14/site-packages/anyio/_backends/_asyncio.py", line 2596, in run_sync_in_worker_thread
    return await future
           ^^^^^^^^^^^^
  File "/home/mo_ba/projects/ai_platform/.venv/lib/python3.14/site-packages/anyio/_backends/_asyncio.py", line 1029, in run
    result = context.run(func, *args)
  File "/home/mo_ba/projects/ai_platform/api/app/routers/conversation.py", line 28, in create
    return service.create(
           ~~~~~~~~~~~~~~^
        db,
        ^^^
        request
        ^^^^^^^
    )
    ^
  File "/home/mo_ba/projects/ai_platform/api/app/services/conversation_service.py", line 25, in create
    return self.repository.create(db, data)
           ~~~~~~~~~~~~~~~~~~~~~~^^^^^^^^^^
  File "/home/mo_ba/projects/ai_platform/api/app/repositories/conversation_repository.py", line 23, in create
    db_Conversation = Conversation(Conversation.model_dump())
                                   ^^^^^^^^^^^^^^^^^^^^^^^
AttributeError: type object 'Conversation' has no attribute 'model_dump'
2026-07-09 15:33:35,573 ERROR app.exceptions.handlers - Unhandled Exception
Traceback (most recent call last):
  File "/home/mo_ba/projects/ai_platform/.venv/lib/python3.14/site-packages/starlette/middleware/errors.py", line 164, in __call__
    await self.app(scope, receive, _send)
  File "/home/mo_ba/projects/ai_platform/.venv/lib/python3.14/site-packages/starlette/middleware/base.py", line 193, in __call__
    response = await self.dispatch_func(request, call_next)
               ^^^^^^^^^^^^^^^^^^^^^^^^^^^^^^^^^^^^^^^^^^^^
  File "/home/mo_ba/projects/ai_platform/api/app/middleware/logging.py", line 22, in logging_middleware
    response = await call_next(request)
               ^^^^^^^^^^^^^^^^^^^^^^^^
  File "/home/mo_ba/projects/ai_platform/.venv/lib/python3.14/site-packages/starlette/middleware/base.py", line 168, in call_next
    raise app_exc from app_exc.__cause__ or app_exc.__context__
  File "/home/mo_ba/projects/ai_platform/.venv/lib/python3.14/site-packages/starlette/middleware/base.py", line 144, in coro
    await self.app(scope, receive_or_disconnect, send_no_error)
  File "/home/mo_ba/projects/ai_platform/.venv/lib/python3.14/site-packages/starlette/middleware/cors.py", line 96, in __call__
    await self.simple_response(scope, receive, send, request_headers=headers)
  File "/home/mo_ba/projects/ai_platform/.venv/lib/python3.14/site-packages/starlette/middleware/cors.py", line 154, in simple_response
    await self.app(scope, receive, send)
  File "/home/mo_ba/projects/ai_platform/.venv/lib/python3.14/site-packages/starlette/middleware/exceptions.py", line 63, in __call__
    await wrap_app_handling_exceptions(self.app, conn)(scope, receive, send)
  File "/home/mo_ba/projects/ai_platform/.venv/lib/python3.14/site-packages/starlette/_exception_handler.py", line 53, in wrapped_app
    raise exc
  File "/home/mo_ba/projects/ai_platform/.venv/lib/python3.14/site-packages/starlette/_exception_handler.py", line 42, in wrapped_app
    await app(scope, receive, sender)
  File "/home/mo_ba/projects/ai_platform/.venv/lib/python3.14/site-packages/fastapi/middleware/asyncexitstack.py", line 18, in __call__
    await self.app(scope, receive, send)
  File "/home/mo_ba/projects/ai_platform/.venv/lib/python3.14/site-packages/starlette/routing.py", line 660, in __call__
    await self.middleware_stack(scope, receive, send)
  File "/home/mo_ba/projects/ai_platform/.venv/lib/python3.14/site-packages/fastapi/routing.py", line 2543, in app
    await route.handle(scope, receive, send)
  File "/home/mo_ba/projects/ai_platform/.venv/lib/python3.14/site-packages/fastapi/routing.py", line 1700, in handle
    await self.original_router.handle(scope, receive, send)
  File "/home/mo_ba/projects/ai_platform/.venv/lib/python3.14/site-packages/fastapi/routing.py", line 2598, in handle
    await included_router._handle_selected(scope, receive, send)
  File "/home/mo_ba/projects/ai_platform/.venv/lib/python3.14/site-packages/fastapi/routing.py", line 1720, in _handle_selected
    await original_route.handle(scope, receive, send)
  File "/home/mo_ba/projects/ai_platform/.venv/lib/python3.14/site-packages/fastapi/routing.py", line 1239, in handle
    await app(scope, receive, send)
  File "/home/mo_ba/projects/ai_platform/.venv/lib/python3.14/site-packages/fastapi/routing.py", line 150, in app
    await wrap_app_handling_exceptions(app, request)(scope, receive, send)
  File "/home/mo_ba/projects/ai_platform/.venv/lib/python3.14/site-packages/starlette/_exception_handler.py", line 53, in wrapped_app
    raise exc
  File "/home/mo_ba/projects/ai_platform/.venv/lib/python3.14/site-packages/starlette/_exception_handler.py", line 42, in wrapped_app
    await app(scope, receive, sender)
  File "/home/mo_ba/projects/ai_platform/.venv/lib/python3.14/site-packages/fastapi/routing.py", line 136, in app
    response = await f(request)
               ^^^^^^^^^^^^^^^^
  File "/home/mo_ba/projects/ai_platform/.venv/lib/python3.14/site-packages/fastapi/routing.py", line 690, in app
    raw_response = await run_endpoint_function(
                   ^^^^^^^^^^^^^^^^^^^^^^^^^^^^
    ...<3 lines>...
    )
    ^
  File "/home/mo_ba/projects/ai_platform/.venv/lib/python3.14/site-packages/fastapi/routing.py", line 346, in run_endpoint_function
    return await run_in_threadpool(dependant.call, **values)
           ^^^^^^^^^^^^^^^^^^^^^^^^^^^^^^^^^^^^^^^^^^^^^^^^^
  File "/home/mo_ba/projects/ai_platform/.venv/lib/python3.14/site-packages/starlette/concurrency.py", line 34, in run_in_threadpool
    return await anyio.to_thread.run_sync(func)
           ^^^^^^^^^^^^^^^^^^^^^^^^^^^^^^^^^^^^
  File "/home/mo_ba/projects/ai_platform/.venv/lib/python3.14/site-packages/anyio/to_thread.py", line 63, in run_sync
    return await get_async_backend().run_sync_in_worker_thread(
           ^^^^^^^^^^^^^^^^^^^^^^^^^^^^^^^^^^^^^^^^^^^^^^^^^^^^
        func, args, abandon_on_cancel=abandon_on_cancel, limiter=limiter
        ^^^^^^^^^^^^^^^^^^^^^^^^^^^^^^^^^^^^^^^^^^^^^^^^^^^^^^^^^^^^^^^^
    )
    ^
  File "/home/mo_ba/projects/ai_platform/.venv/lib/python3.14/site-packages/anyio/_backends/_asyncio.py", line 2596, in run_sync_in_worker_thread
    return await future
           ^^^^^^^^^^^^
  File "/home/mo_ba/projects/ai_platform/.venv/lib/python3.14/site-packages/anyio/_backends/_asyncio.py", line 1029, in run
    result = context.run(func, *args)
  File "/home/mo_ba/projects/ai_platform/api/app/routers/conversation.py", line 28, in create
    return service.create(
           ~~~~~~~~~~~~~~^
        db,
        ^^^
        request
        ^^^^^^^
    )
    ^
  File "/home/mo_ba/projects/ai_platform/api/app/services/conversation_service.py", line 25, in create
    return self.repository.create(db, data)
           ~~~~~~~~~~~~~~~~~~~~~~^^^^^^^^^^
  File "/home/mo_ba/projects/ai_platform/api/app/repositories/conversation_repository.py", line 23, in create
    db_conversation = Conversation(
        conversation.model_dump()
    )
TypeError: __init__() takes 1 positional argument but 2 were given
